2026-05-18 21:34:09 - SUCCESS: Indexing run complete.
2026-05-19 08:45:22 - SUCCESS: Indexing run complete.
2026-05-19 12:38:36 - SUCCESS: Indexing run complete.
2026-05-20 06:00:04 - SUCCESS: Indexing run complete.
2026-05-20 06:39:33 - SUCCESS: Indexing run complete.
2026-05-20 20:28:33 - SUCCESS: Indexing run complete.
2026-05-20 21:07:13 - SUCCESS: Indexing run complete.
2026-05-21 10:30:45 - SUCCESS: Indexing run complete.
2026-05-21 11:30:50 - SUCCESS: Indexing run complete.
2026-05-21 16:52:27 - SUCCESS: Indexing run complete.
2026-05-21 17:31:03 - SUCCESS: Indexing run complete.
2026-05-21 22:52:52 - SUCCESS: Indexing run complete.
2026-05-21 23:31:20 - SUCCESS: Indexing run complete.
2026-05-22 09:05:59 - SUCCESS: Indexing run complete.
2026-05-22 09:44:24 - SUCCESS: Indexing run complete.
2026-05-22 15:06:20 - SUCCESS: Indexing run complete.
2026-05-22 15:44:34 - SUCCESS: Indexing run complete.
2026-05-22 21:06:38 - SUCCESS: Indexing run complete.
2026-05-22 21:44:47 - SUCCESS: Indexing run complete.
2026-05-23 10:22:26 - SUCCESS: Indexing run complete.
2026-05-23 10:59:56 - SUCCESS: Indexing run complete.
2026-05-23 16:23:13 - SUCCESS: Indexing run complete.
2026-05-23 17:00:08 - SUCCESS: Indexing run complete.
2026-05-23 22:50:06 - SUCCESS: Indexing run complete.
2026-05-24 07:34:44 - SUCCESS: Indexing run complete.
2026-05-24 12:58:43 - SUCCESS: Indexing run complete.
2026-05-24 13:34:56 - SUCCESS: Indexing run complete.
2026-05-24 14:49:36 - SUCCESS: Indexing run complete.
2026-05-24 14:49:45 - SUCCESS: Indexing run complete.
2026-05-24 14:52:17 - SUCCESS: Indexing run complete.
2026-05-24 15:02:40 - SUCCESS: Indexing run complete.
2026-05-24 20:16:43 - SUCCESS: 2 files, 0 failed batches
2026-05-24 20:16:51 - SUCCESS: 0 files, model not loaded.
2026-05-24 20:18:14 - SUCCESS: 1 files, 0 failed batches
2026-05-24 21:55:37 - SUCCESS: 3 files, 0 failed batches
2026-05-25 11:50:52 - SUCCESS: 369 files, 0 failed batches
2026-05-25 17:46:34 - SUCCESS: 46 files, 0 failed batches
2026-05-26 07:43:23 - SUCCESS: 29 files, 0 failed batches
2026-05-26 13:44:00 - SUCCESS: 27 files, 0 failed batches
2026-05-26 20:44:11 - SUCCESS: 43 files, 0 failed batches
2026-05-26 20:47:54 - SUCCESS: 23 files, 0 failed batches
2026-05-27 10:28:03 - SUCCESS: 16 files, 0 failed batches
2026-05-27 10:47:18 - SUCCESS: 11 files, 0 failed batches
2026-05-27 18:41:18 - PARTIAL: 15 files, 3 failed batches
2026-05-28 11:09:59 - SUCCESS: 1494 files, 0 failed batches
2026-05-28 13:13:36 - SUCCESS: 1475 files, 0 failed files
2026-05-28 14:27:11 - SUCCESS: 12 files, 0 failed files
2026-05-28 21:54:06 - SUCCESS: 28 files, 0 failed files
2026-05-29 04:44:29 - SUCCESS: 12 files, 0 failed files
